<?xml version="1.0" encoding="UTF-8"?>
<!-- Generated by org.testng.reporters.JUnitXMLReporter -->
<testsuite ignored="4" hostname="DESKTOP-A3DO6K2" failures="0" tests="5" name="Electronics" time="0.079" errors="0" timestamp="2022-07-27T21:21:28 IST">
  <testcase classname="Data.TestNG_Example.LaptopTest" name="lenovoTest" time="0.007"/>
  <testcase classname="Data.TestNG_Example.TelevisonTest" name="onidaTv" time="0.001"/>
  <testcase classname="Data.TestNG_Example.MobileTest" name="lenovo" time="0.016"/>
  <testcase classname="Data.TestNG_Example.MobileTest" name="mobileSearch" time="0.001"/>
  <testcase classname="Data.TestNG_Example.MobileTest" name="motorolla" time="0.002"/>
  <testcase classname="Data.TestNG_Example.LaptopTest" name="laptopSearch" time="0.0">
    <ignored/>
  </testcase> <!-- laptopSearch -->
  <testcase classname="Data.TestNG_Example.TelevisonTest" name="laptopSearch" time="0.0">
    <ignored/>
  </testcase> <!-- laptopSearch -->
  <testcase classname="Data.TestNG_Example.MobileTest" name="micromax" time="0.0">
    <ignored/>
  </testcase> <!-- micromax -->
  <testcase classname="Data.TestNG_Example.MobileTest" name="onePlus" time="0.0">
    <ignored/>
  </testcase> <!-- onePlus -->
</testsuite> <!-- Electronics -->
